Using pre-set license
Desktop is 1920 x 1080 @ 60 Hz

 COMMAND LINE ARGUMENTS:
Unity
-adb2
-batchMode
-noUpm
-name
AssetImportWorker0
-projectPath
/mnt/d6bba544-9f1b-4273-a209-9a9c4ecf6a13/SpaceKitty
-logFile
Logs/AssetImportWorker0.log
-srvPort
46125
Successfully changed project path to: /mnt/d6bba544-9f1b-4273-a209-9a9c4ecf6a13/SpaceKitty
/mnt/d6bba544-9f1b-4273-a209-9a9c4ecf6a13/SpaceKitty
Using Asset Import Pipeline V2.
Refreshing native plugins compatible for Editor in 84,63 ms, found 1 plugins.
Preloading 0 native plugins for Editor in 0,00 ms.
Initialize engine version: 2020.3.4f1 (0abb6314276a)
[Subsystems] Discovering subsystems at path /mnt/d6bba544-9f1b-4273-a209-9a9c4ecf6a13/Unity/2020.3.4f1/Editor/Data/Resources/UnitySubsystems
[Subsystems] Discovering subsystems at path /mnt/d6bba544-9f1b-4273-a209-9a9c4ecf6a13/SpaceKitty/Assets
GLX Extensions: GLX_ARB_create_context GLX_ARB_create_context_no_error GLX_ARB_create_context_profile GLX_ARB_create_context_robustness GLX_ARB_fbconfig_float GLX_ARB_framebuffer_sRGB GLX_ARB_get_proc_address GLX_ARB_multisample GLX_EXT_buffer_age GLX_EXT_create_context_es2_profile GLX_EXT_create_context_es_profile GLX_EXT_fbconfig_packed_float GLX_EXT_framebuffer_sRGB GLX_EXT_import_context GLX_EXT_texture_from_pixmap GLX_EXT_visual_info GLX_EXT_visual_rating GLX_INTEL_swap_event GLX_MESA_copy_sub_buffer GLX_MESA_query_renderer GLX_MESA_swap_control GLX_OML_swap_method GLX_OML_sync_control GLX_SGIS_multisample GLX_SGIX_fbconfig GLX_SGIX_pbuffer GLX_SGIX_visual_select_group GLX_SGI_make_current_read GLX_SGI_swap_control GLX_SGI_video_sync 
Renderer: AMD STONEY (DRM 3.38.0, 5.8.0-44-generic, LLVM 11.0.0)
Vendor:   X.Org
Version:  4.5 (Core Profile) Mesa 20.2.6
GLES:     0
 GL_AMD_conservative_depth GL_AMD_depth_clamp_separate GL_AMD_draw_buffers_blend GL_AMD_framebuffer_multisample_advanced GL_AMD_gpu_shader_int64 GL_AMD_multi_draw_indirect GL_AMD_performance_monitor GL_AMD_pinned_memory GL_AMD_query_buffer_object GL_AMD_seamless_cubemap_per_texture GL_AMD_shader_stencil_export GL_AMD_shader_trinary_minmax GL_AMD_texture_texture4 GL_AMD_vertex_shader_layer GL_AMD_vertex_shader_viewport_index GL_ANGLE_texture_compression_dxt3 GL_ANGLE_texture_compression_dxt5 GL_ARB_ES2_compatibility GL_ARB_ES3_1_compatibility GL_ARB_ES3_2_compatibility GL_ARB_ES3_compatibility GL_ARB_arrays_of_arrays GL_ARB_base_instance GL_ARB_bindless_texture GL_ARB_blend_func_extended GL_ARB_buffer_storage GL_ARB_clear_buffer_object GL_ARB_clear_texture GL_ARB_clip_control GL_ARB_color_buffer_float GL_ARB_compressed_texture_pixel_storage GL_ARB_compute_shader GL_ARB_compute_variable_group_size GL_ARB_conditional_render_inverted GL_ARB_conservative_depth GL_ARB_copy_buffer GL_ARB_copy_image GL_ARB_cull_dist
ance GL_ARB_debug_output GL_ARB_depth_buffer_float GL_ARB_depth_clamp GL_ARB_derivative_control GL_ARB_direct_state_access GL_ARB_draw_buffers GL_ARB_draw_buffers_blend GL_ARB_draw_elements_base_vertex GL_ARB_draw_indirect GL_ARB_draw_instanced GL_ARB_enhanced_layouts GL_ARB_explicit_attrib_location GL_ARB_explicit_uniform_location GL_ARB_fragment_coord_conventions GL_ARB_fragment_layer_viewport GL_ARB_fragment_shader GL_ARB_framebuffer_no_attachments GL_ARB_framebuffer_object GL_ARB_framebuffer_sRGB GL_ARB_get_program_binary GL_ARB_get_texture_sub_image GL_ARB_gl_spirv GL_ARB_gpu_shader5 GL_ARB_gpu_shader_fp64 GL_ARB_gpu_shader_int64 GL_ARB_half_float_pixel GL_ARB_half_float_vertex GL_ARB_instanced_arrays GL_ARB_internalformat_query GL_ARB_internalformat_query2 GL_ARB_invalidate_subdata GL_ARB_map_buffer_alignment GL_ARB_map_buffer_range GL_ARB_multi_bind GL_ARB_multi_draw_indirect GL_ARB_occlusion_query2 GL_ARB_parallel_shader_compile GL_ARB_pipeline_statistics_query GL_ARB_pixel_buffer_object GL_ARB_point
_sprite GL_ARB_polygon_offset_clamp GL_ARB_program_interface_query GL_ARB_provoking_vertex GL_ARB_query_buffer_object GL_ARB_robust_buffer_access_behavior GL_ARB_robustness GL_ARB_sample_shading GL_ARB_sampler_objects GL_ARB_seamless_cube_map GL_ARB_seamless_cubemap_per_texture GL_ARB_separate_shader_objects GL_ARB_shader_atomic_counter_ops GL_ARB_shader_atomic_counters GL_ARB_shader_ballot GL_ARB_shader_bit_encoding GL_ARB_shader_clock GL_ARB_shader_group_vote GL_ARB_shader_image_load_store GL_ARB_shader_image_size GL_ARB_shader_objects GL_ARB_shader_precision GL_ARB_shader_stencil_export GL_ARB_shader_storage_buffer_object GL_ARB_shader_subroutine GL_ARB_shader_texture_image_samples GL_ARB_shader_texture_lod GL_ARB_shader_viewport_layer_array GL_ARB_shading_language_420pack GL_ARB_shading_language_include GL_ARB_shading_language_packing GL_ARB_sparse_buffer GL_ARB_spirv_extensions GL_ARB_stencil_texturing GL_ARB_sync GL_ARB_tessellation_shader GL_ARB_texture_barrier GL_ARB_texture_buffer_object GL_ARB_text
ure_buffer_object_rgb32 GL_ARB_texture_buffer_range GL_ARB_texture_compression_bptc GL_ARB_texture_compression_rgtc GL_ARB_texture_cube_map_array GL_ARB_texture_filter_anisotropic GL_ARB_texture_float GL_ARB_texture_gather GL_ARB_texture_mirror_clamp_to_edge GL_ARB_texture_multisample GL_ARB_texture_non_power_of_two GL_ARB_texture_query_levels GL_ARB_texture_query_lod GL_ARB_texture_rectangle GL_ARB_texture_rg GL_ARB_texture_rgb10_a2ui GL_ARB_texture_stencil8 GL_ARB_texture_storage GL_ARB_texture_storage_multisample GL_ARB_texture_swizzle GL_ARB_texture_view GL_ARB_timer_query GL_ARB_transform_feedback2 GL_ARB_transform_feedback3 GL_ARB_transform_feedback_instanced GL_ARB_transform_feedback_overflow_query GL_ARB_uniform_buffer_object GL_ARB_vertex_array_bgra GL_ARB_vertex_array_object GL_ARB_vertex_attrib_64bit GL_ARB_vertex_attrib_binding GL_ARB_vertex_buffer_object GL_ARB_vertex_shader GL_ARB_vertex_type_10f_11f_11f_rev GL_ARB_vertex_type_2_10_10_10_rev GL_ARB_viewport_array GL_ATI_blend_equation_separate 
GL_ATI_meminfo GL_ATI_texture_float GL_ATI_texture_mirror_once GL_EXT_EGL_image_storage GL_EXT_EGL_sync GL_EXT_abgr GL_EXT_blend_equation_separate GL_EXT_depth_bounds_test GL_EXT_draw_buffers2 GL_EXT_draw_instanced GL_EXT_framebuffer_blit GL_EXT_framebuffer_multisample GL_EXT_framebuffer_multisample_blit_scaled GL_EXT_framebuffer_object GL_EXT_framebuffer_sRGB GL_EXT_memory_object GL_EXT_memory_object_fd GL_EXT_packed_depth_stencil GL_EXT_packed_float GL_EXT_pixel_buffer_object GL_EXT_polygon_offset_clamp GL_EXT_provoking_vertex GL_EXT_semaphore GL_EXT_semaphore_fd GL_EXT_shader_image_load_formatted GL_EXT_shader_image_load_store GL_EXT_shader_integer_mix GL_EXT_shader_samples_identical GL_EXT_texture_array GL_EXT_texture_compression_dxt1 GL_EXT_texture_compression_rgtc GL_EXT_texture_compression_s3tc GL_EXT_texture_filter_anisotropic GL_EXT_texture_integer GL_EXT_texture_mirror_clamp GL_EXT_texture_sRGB GL_EXT_texture_sRGB_R8 GL_EXT_texture_sRGB_decode GL_EXT_texture_shadow_lod GL_EXT_texture_shared_exponen
t GL_EXT_texture_snorm GL_EXT_texture_swizzle GL_EXT_timer_query GL_EXT_transform_feedback GL_EXT_vertex_array_bgra GL_EXT_vertex_attrib_64bit GL_EXT_window_rectangles GL_IBM_multimode_draw_arrays GL_KHR_blend_equation_advanced GL_KHR_context_flush_control GL_KHR_debug GL_KHR_no_error GL_KHR_parallel_shader_compile GL_KHR_robust_buffer_access_behavior GL_KHR_robustness GL_KHR_texture_compression_astc_ldr GL_KHR_texture_compression_astc_sliced_3d GL_MESA_framebuffer_flip_y GL_MESA_pack_invert GL_MESA_shader_integer_functions GL_MESA_texture_signed_rgba GL_NVX_gpu_memory_info GL_NV_alpha_to_coverage_dither_control GL_NV_conditional_render GL_NV_copy_image GL_NV_depth_clamp GL_NV_packed_depth_stencil GL_NV_texture_barrier GL_NV_vdpau_interop GL_OES_EGL_image GL_S3_s3tc
OPENGL LOG: Creating OpenGL 4.5 graphics device ; Context level  <OpenGL 4.5> ; Context handle 1156463696
Initialize mono
Mono path[0] = '/mnt/d6bba544-9f1b-4273-a209-9a9c4ecf6a13/Unity/2020.3.4f1/Editor/Data/Managed'
Mono path[1] = '/mnt/d6bba544-9f1b-4273-a209-9a9c4ecf6a13/Unity/2020.3.4f1/Editor/Data/MonoBleedingEdge/lib/mono/unityjit'
Mono config path = '/mnt/d6bba544-9f1b-4273-a209-9a9c4ecf6a13/Unity/2020.3.4f1/Editor/Data/MonoBleedingEdge/etc'
Using monoOptions --debugger-agent=transport=dt_socket,embedding=1,server=y,suspend=n,address=127.0.0.1:56276
Begin MonoManager ReloadAssembly
Registering precompiled unity dll's ...
Register platform support module: /mnt/d6bba544-9f1b-4273-a209-9a9c4ecf6a13/Unity/2020.3.4f1/Editor/Data/PlaybackEngines/WindowsStandaloneSupport/UnityEditor.WindowsStandalone.Extensions.dll
Register platform support module: /mnt/d6bba544-9f1b-4273-a209-9a9c4ecf6a13/Unity/2020.3.4f1/Editor/Data/PlaybackEngines/LinuxStandaloneSupport/UnityEditor.LinuxStandalone.Extensions.dll
Registered in 0,001871 seconds.
Native extension for LinuxStandalone target not found
Native extension for WindowsStandalone target not found
Refreshing native plugins compatible for Editor in 59,79 ms, found 1 plugins.
Preloading 0 native plugins for Editor in 0,00 ms.
Mono: successfully reloaded assembly
- Completed reload, in  1,954 seconds
Platform modules already initialized, skipping
Registering precompiled user dll's ...
Registered in 0,001373 seconds.
Begin MonoManager ReloadAssembly
Native extension for LinuxStandalone target not found
Native extension for WindowsStandalone target not found
Refreshing native plugins compatible for Editor in 97,22 ms, found 1 plugins.
Preloading 0 native plugins for Editor in 0,00 ms.
Mono: successfully reloaded assembly
- Completed reload, in  1,988 seconds
Platform modules already initialized, skipping
========================================================================
Worker process is ready to serve import requests
Launched and connected shader compiler UnityShaderCompiler after 0.02 seconds
Refreshing native plugins compatible for Editor in 0,84 ms, found 1 plugins.
Preloading 0 native plugins for Editor in 0,00 ms.
Unloading 1811 Unused Serialized files (Serialized files now loaded: 0)
System memory in use before: 79,1 MB.
System memory in use after: 79,1 MB.

Unloading 24 unused Assets to reduce memory usage. Loaded Objects now: 2253.
Total: 10,241355 ms (FindLiveObjects: 0,619310 ms CreateObjectMapping: 0,401250 ms MarkObjects: 8,718271 ms  DeleteObjects: 0,499148 ms)

========================================================================
Received Import Request.
  path: Assets/Scripts/PlayerControl.cs
  artifactKey: Guid(8e07cfc19a1cd2c4ebfb9c5d76bca600) Importer(815301076,1909f56bfc062723c751e8b465ee728b)
Start importing Assets/Scripts/PlayerControl.cs using Guid(8e07cfc19a1cd2c4ebfb9c5d76bca600) Importer(815301076,1909f56bfc062723c751e8b465ee728b)  -> (artifact id: '83679f2d61421ca5f02036d5702d5224') in 0,007939 seconds
  Import took 0,016848 seconds .

========================================================================
Received Prepare
Registering precompiled user dll's ...
Registered in 0,001576 seconds.
Begin MonoManager ReloadAssembly
Native extension for LinuxStandalone target not found
Native extension for WindowsStandalone target not found
Refreshing native plugins compatible for Editor in 0,90 ms, found 1 plugins.
Preloading 0 native plugins for Editor in 0,00 ms.
Mono: successfully reloaded assembly
- Completed reload, in  2,654 seconds
Platform modules already initialized, skipping
Refreshing native plugins compatible for Editor in 0,81 ms, found 1 plugins.
Preloading 0 native plugins for Editor in 0,00 ms.
Unloading 1814 Unused Serialized files (Serialized files now loaded: 0)
System memory in use before: 79,4 MB.
System memory in use after: 79,4 MB.

Unloading 12 unused Assets to reduce memory usage. Loaded Objects now: 2265.
Total: 6,401974 ms (FindLiveObjects: 0,440604 ms CreateObjectMapping: 0,228767 ms MarkObjects: 5,420537 ms  DeleteObjects: 0,307289 ms)

========================================================================
Received Import Request.
  Time since last request: 11902,097050 seconds.
  path: Assets/Scripts/PlayerControl.cs
  artifactKey: Guid(8e07cfc19a1cd2c4ebfb9c5d76bca600) Importer(815301076,1909f56bfc062723c751e8b465ee728b)
Start importing Assets/Scripts/PlayerControl.cs using Guid(8e07cfc19a1cd2c4ebfb9c5d76bca600) Importer(815301076,1909f56bfc062723c751e8b465ee728b)  -> (artifact id: '12fcef8adf56d4dc5d648e89a0ef6b47') in 0,024049 seconds
  Import took 0,033346 seconds .

========================================================================
Received Prepare
Registering precompiled user dll's ...
Registered in 0,001385 seconds.
Begin MonoManager ReloadAssembly
Native extension for LinuxStandalone target not found
Native extension for WindowsStandalone target not found
Refreshing native plugins compatible for Editor in 0,81 ms, found 1 plugins.
Preloading 0 native plugins for Editor in 0,00 ms.
Mono: successfully reloaded assembly
- Completed reload, in  2,063 seconds
Platform modules already initialized, skipping
Refreshing native plugins compatible for Editor in 0,84 ms, found 1 plugins.
Preloading 0 native plugins for Editor in 0,00 ms.
Unloading 1814 Unused Serialized files (Serialized files now loaded: 0)
System memory in use before: 79,4 MB.
System memory in use after: 79,4 MB.

Unloading 12 unused Assets to reduce memory usage. Loaded Objects now: 2269.
Total: 9,933035 ms (FindLiveObjects: 0,857357 ms CreateObjectMapping: 0,378180 ms MarkObjects: 8,078908 ms  DeleteObjects: 0,614748 ms)

========================================================================
Received Prepare
Registering precompiled user dll's ...
Registered in 0,001593 seconds.
Begin MonoManager ReloadAssembly
Native extension for LinuxStandalone target not found
Native extension for WindowsStandalone target not found
Refreshing native plugins compatible for Editor in 0,78 ms, found 1 plugins.
Preloading 0 native plugins for Editor in 0,00 ms.
Mono: successfully reloaded assembly
- Completed reload, in  2,381 seconds
Platform modules already initialized, skipping
Refreshing native plugins compatible for Editor in 1,02 ms, found 1 plugins.
Preloading 0 native plugins for Editor in 0,00 ms.
Unloading 1814 Unused Serialized files (Serialized files now loaded: 0)
System memory in use before: 79,4 MB.
System memory in use after: 79,4 MB.

Unloading 12 unused Assets to reduce memory usage. Loaded Objects now: 2273.
Total: 10,672005 ms (FindLiveObjects: 0,774423 ms CreateObjectMapping: 0,306865 ms MarkObjects: 9,136982 ms  DeleteObjects: 0,373514 ms)

========================================================================
Received Import Request.
  Time since last request: 52,807055 seconds.
  path: Assets/Scripts/CameraMove.cs
  artifactKey: Guid(1d5e8805b91fc68418e3542633aa2b29) Importer(815301076,1909f56bfc062723c751e8b465ee728b)
Start importing Assets/Scripts/CameraMove.cs using Guid(1d5e8805b91fc68418e3542633aa2b29) Importer(815301076,1909f56bfc062723c751e8b465ee728b)  -> (artifact id: '3cb0aa1a2cd56f91378cba854f306940') in 0,008542 seconds
  Import took 0,019530 seconds .

========================================================================
Received Import Request.
  Time since last request: 0,003607 seconds.
  path: Assets/Scripts/CameraMove.cs
  artifactKey: Guid(1d5e8805b91fc68418e3542633aa2b29) Importer(815301076,1909f56bfc062723c751e8b465ee728b)
Start importing Assets/Scripts/CameraMove.cs using Guid(1d5e8805b91fc68418e3542633aa2b29) Importer(815301076,1909f56bfc062723c751e8b465ee728b)  -> (artifact id: '3cb0aa1a2cd56f91378cba854f306940') in 0,001478 seconds
  Import took 0,008030 seconds .

========================================================================
Received Import Request.
  Time since last request: 1,791371 seconds.
  path: Assets/Scripts/DieScript.cs
  artifactKey: Guid(dded14bcb33ca6b4f8b0db90a3c7e0f5) Importer(815301076,1909f56bfc062723c751e8b465ee728b)
Start importing Assets/Scripts/DieScript.cs using Guid(dded14bcb33ca6b4f8b0db90a3c7e0f5) Importer(815301076,1909f56bfc062723c751e8b465ee728b)  -> (artifact id: '5854e37e46894b98cc76c4de8d052108') in 0,001450 seconds
  Import took 0,007774 seconds .

========================================================================
Received Import Request.
  Time since last request: 0,010298 seconds.
  path: Assets/Scripts/DieScript.cs
  artifactKey: Guid(dded14bcb33ca6b4f8b0db90a3c7e0f5) Importer(815301076,1909f56bfc062723c751e8b465ee728b)
Start importing Assets/Scripts/DieScript.cs using Guid(dded14bcb33ca6b4f8b0db90a3c7e0f5) Importer(815301076,1909f56bfc062723c751e8b465ee728b)  -> (artifact id: '5854e37e46894b98cc76c4de8d052108') in 0,001622 seconds
  Import took 0,009868 seconds .

========================================================================
Received Prepare
Registering precompiled user dll's ...
Registered in 0,001420 seconds.
Begin MonoManager ReloadAssembly
Native extension for LinuxStandalone target not found
Native extension for WindowsStandalone target not found
Refreshing native plugins compatible for Editor in 1,36 ms, found 1 plugins.
Preloading 0 native plugins for Editor in 0,00 ms.
Mono: successfully reloaded assembly
- Completed reload, in  2,536 seconds
Platform modules already initialized, skipping
Refreshing native plugins compatible for Editor in 0,79 ms, found 1 plugins.
Preloading 0 native plugins for Editor in 0,00 ms.
Unloading 1814 Unused Serialized files (Serialized files now loaded: 0)
System memory in use before: 79,4 MB.
System memory in use after: 79,4 MB.

Unloading 12 unused Assets to reduce memory usage. Loaded Objects now: 2277.
Total: 10,333457 ms (FindLiveObjects: 0,801543 ms CreateObjectMapping: 0,849321 ms MarkObjects: 8,444923 ms  DeleteObjects: 0,233824 ms)

========================================================================
Received Prepare
Registering precompiled user dll's ...
Registered in 0,002120 seconds.
Begin MonoManager ReloadAssembly
Native extension for LinuxStandalone target not found
Native extension for WindowsStandalone target not found
Refreshing native plugins compatible for Editor in 1,10 ms, found 1 plugins.
Preloading 0 native plugins for Editor in 0,00 ms.
Mono: successfully reloaded assembly
- Completed reload, in  3,105 seconds
Platform modules already initialized, skipping
Refreshing native plugins compatible for Editor in 1,14 ms, found 1 plugins.
Preloading 0 native plugins for Editor in 0,00 ms.
Unloading 1814 Unused Serialized files (Serialized files now loaded: 0)
System memory in use before: 79,5 MB.
System memory in use after: 79,5 MB.

Unloading 12 unused Assets to reduce memory usage. Loaded Objects now: 2281.
Total: 8,869692 ms (FindLiveObjects: 0,447820 ms CreateObjectMapping: 0,106372 ms MarkObjects: 7,901584 ms  DeleteObjects: 0,410369 ms)

========================================================================
Received Prepare
Registering precompiled user dll's ...
Registered in 0,001302 seconds.
Begin MonoManager ReloadAssembly
Native extension for LinuxStandalone target not found
Native extension for WindowsStandalone target not found
Refreshing native plugins compatible for Editor in 0,77 ms, found 1 plugins.
Preloading 0 native plugins for Editor in 0,00 ms.
Mono: successfully reloaded assembly
- Completed reload, in  2,912 seconds
Platform modules already initialized, skipping
Refreshing native plugins compatible for Editor in 1,00 ms, found 1 plugins.
Preloading 0 native plugins for Editor in 0,00 ms.
Unloading 1814 Unused Serialized files (Serialized files now loaded: 0)
System memory in use before: 79,5 MB.
System memory in use after: 79,5 MB.

Unloading 12 unused Assets to reduce memory usage. Loaded Objects now: 2285.
Total: 7,257611 ms (FindLiveObjects: 0,684797 ms CreateObjectMapping: 0,251579 ms MarkObjects: 5,982428 ms  DeleteObjects: 0,334328 ms)

========================================================================
Received Prepare
Registering precompiled user dll's ...
Registered in 0,003282 seconds.
Begin MonoManager ReloadAssembly
Native extension for LinuxStandalone target not found
Native extension for WindowsStandalone target not found
Refreshing native plugins compatible for Editor in 0,90 ms, found 1 plugins.
Preloading 0 native plugins for Editor in 0,00 ms.
Mono: successfully reloaded assembly
- Completed reload, in  2,734 seconds
Platform modules already initialized, skipping
Refreshing native plugins compatible for Editor in 1,18 ms, found 1 plugins.
Preloading 0 native plugins for Editor in 0,00 ms.
Unloading 1814 Unused Serialized files (Serialized files now loaded: 0)
System memory in use before: 79,5 MB.
System memory in use after: 79,5 MB.

Unloading 12 unused Assets to reduce memory usage. Loaded Objects now: 2289.
Total: 11,624778 ms (FindLiveObjects: 0,576052 ms CreateObjectMapping: 0,344685 ms MarkObjects: 10,342360 ms  DeleteObjects: 0,358177 ms)

========================================================================
Received Prepare
Registering precompiled user dll's ...
Registered in 0,001444 seconds.
Begin MonoManager ReloadAssembly
Native extension for LinuxStandalone target not found
Native extension for WindowsStandalone target not found
Refreshing native plugins compatible for Editor in 0,88 ms, found 1 plugins.
Preloading 0 native plugins for Editor in 0,00 ms.
Mono: successfully reloaded assembly
- Completed reload, in  2,858 seconds
Platform modules already initialized, skipping
Refreshing native plugins compatible for Editor in 0,92 ms, found 1 plugins.
Preloading 0 native plugins for Editor in 0,00 ms.
Unloading 1814 Unused Serialized files (Serialized files now loaded: 0)
System memory in use before: 79,5 MB.
System memory in use after: 79,5 MB.

Unloading 12 unused Assets to reduce memory usage. Loaded Objects now: 2293.
Total: 7,295997 ms (FindLiveObjects: 0,437485 ms CreateObjectMapping: 0,216750 ms MarkObjects: 6,350917 ms  DeleteObjects: 0,287382 ms)

========================================================================
Received Prepare
Registering precompiled user dll's ...
Registered in 0,001554 seconds.
Begin MonoManager ReloadAssembly
Native extension for LinuxStandalone target not found
Native extension for WindowsStandalone target not found
Refreshing native plugins compatible for Editor in 0,99 ms, found 1 plugins.
Preloading 0 native plugins for Editor in 0,00 ms.
Mono: successfully reloaded assembly
- Completed reload, in  2,799 seconds
Platform modules already initialized, skipping
Refreshing native plugins compatible for Editor in 1,51 ms, found 1 plugins.
Preloading 0 native plugins for Editor in 0,00 ms.
Unloading 1814 Unused Serialized files (Serialized files now loaded: 0)
System memory in use before: 79,5 MB.
System memory in use after: 79,5 MB.

Unloading 12 unused Assets to reduce memory usage. Loaded Objects now: 2297.
Total: 11,844372 ms (FindLiveObjects: 0,719148 ms CreateObjectMapping: 0,320542 ms MarkObjects: 10,486485 ms  DeleteObjects: 0,313589 ms)

========================================================================
Received Prepare
Registering precompiled user dll's ...
Registered in 0,001423 seconds.
Begin MonoManager ReloadAssembly
Native extension for LinuxStandalone target not found
Native extension for WindowsStandalone target not found
Refreshing native plugins compatible for Editor in 0,93 ms, found 1 plugins.
Preloading 0 native plugins for Editor in 0,00 ms.
Mono: successfully reloaded assembly
- Completed reload, in  2,552 seconds
Platform modules already initialized, skipping
Refreshing native plugins compatible for Editor in 0,91 ms, found 1 plugins.
Preloading 0 native plugins for Editor in 0,00 ms.
Unloading 1814 Unused Serialized files (Serialized files now loaded: 0)
System memory in use before: 79,5 MB.
System memory in use after: 79,5 MB.

Unloading 12 unused Assets to reduce memory usage. Loaded Objects now: 2301.
Total: 10,139905 ms (FindLiveObjects: 0,497106 ms CreateObjectMapping: 0,252478 ms MarkObjects: 9,058917 ms  DeleteObjects: 0,326910 ms)

========================================================================
Received Prepare
Registering precompiled user dll's ...
Registered in 0,001414 seconds.
Begin MonoManager ReloadAssembly
Native extension for LinuxStandalone target not found
Native extension for WindowsStandalone target not found
Refreshing native plugins compatible for Editor in 0,95 ms, found 1 plugins.
Preloading 0 native plugins for Editor in 0,00 ms.
Mono: successfully reloaded assembly
- Completed reload, in  2,636 seconds
Platform modules already initialized, skipping
Refreshing native plugins compatible for Editor in 2,19 ms, found 1 plugins.
Preloading 0 native plugins for Editor in 0,00 ms.
Unloading 1814 Unused Serialized files (Serialized files now loaded: 0)
System memory in use before: 79,5 MB.
System memory in use after: 79,5 MB.

Unloading 12 unused Assets to reduce memory usage. Loaded Objects now: 2305.
Total: 9,151518 ms (FindLiveObjects: 0,507618 ms CreateObjectMapping: 0,236431 ms MarkObjects: 8,076641 ms  DeleteObjects: 0,327669 ms)

========================================================================
Received Prepare
Registering precompiled user dll's ...
Registered in 0,001912 seconds.
Begin MonoManager ReloadAssembly
Native extension for LinuxStandalone target not found
Native extension for WindowsStandalone target not found
Refreshing native plugins compatible for Editor in 1,16 ms, found 1 plugins.
Preloading 0 native plugins for Editor in 0,00 ms.
Mono: successfully reloaded assembly
- Completed reload, in  2,581 seconds
Platform modules already initialized, skipping
Refreshing native plugins compatible for Editor in 0,88 ms, found 1 plugins.
Preloading 0 native plugins for Editor in 0,00 ms.
Unloading 1814 Unused Serialized files (Serialized files now loaded: 0)
System memory in use before: 79,5 MB.
System memory in use after: 79,5 MB.

Unloading 12 unused Assets to reduce memory usage. Loaded Objects now: 2309.
Total: 8,655975 ms (FindLiveObjects: 0,607929 ms CreateObjectMapping: 0,120384 ms MarkObjects: 7,633573 ms  DeleteObjects: 0,290691 ms)

========================================================================
Received Prepare
Registering precompiled user dll's ...
Registered in 0,001770 seconds.
Begin MonoManager ReloadAssembly
Native extension for LinuxStandalone target not found
Native extension for WindowsStandalone target not found
Refreshing native plugins compatible for Editor in 1,62 ms, found 1 plugins.
Preloading 0 native plugins for Editor in 0,00 ms.
Mono: successfully reloaded assembly
- Completed reload, in  3,251 seconds
Platform modules already initialized, skipping
Refreshing native plugins compatible for Editor in 0,97 ms, found 1 plugins.
Preloading 0 native plugins for Editor in 0,00 ms.
Unloading 1814 Unused Serialized files (Serialized files now loaded: 0)
System memory in use before: 79,5 MB.
System memory in use after: 79,5 MB.

Unloading 12 unused Assets to reduce memory usage. Loaded Objects now: 2313.
Total: 9,985549 ms (FindLiveObjects: 0,528710 ms CreateObjectMapping: 0,293338 ms MarkObjects: 8,836582 ms  DeleteObjects: 0,323192 ms)

========================================================================
Received Prepare
Registering precompiled user dll's ...
Registered in 0,001760 seconds.
Begin MonoManager ReloadAssembly
Native extension for LinuxStandalone target not found
Native extension for WindowsStandalone target not found
Refreshing native plugins compatible for Editor in 1,47 ms, found 1 plugins.
Preloading 0 native plugins for Editor in 0,00 ms.
Mono: successfully reloaded assembly
- Completed reload, in  2,615 seconds
Platform modules already initialized, skipping
Refreshing native plugins compatible for Editor in 0,74 ms, found 1 plugins.
Preloading 0 native plugins for Editor in 0,00 ms.
Unloading 1814 Unused Serialized files (Serialized files now loaded: 0)
System memory in use before: 79,5 MB.
System memory in use after: 79,5 MB.

Unloading 12 unused Assets to reduce memory usage. Loaded Objects now: 2317.
Total: 7,692991 ms (FindLiveObjects: 0,742365 ms CreateObjectMapping: 0,363125 ms MarkObjects: 6,290304 ms  DeleteObjects: 0,293719 ms)

========================================================================
Received Prepare
Registering precompiled user dll's ...
Registered in 0,001825 seconds.
Begin MonoManager ReloadAssembly
Native extension for LinuxStandalone target not found
Native extension for WindowsStandalone target not found
Refreshing native plugins compatible for Editor in 0,91 ms, found 1 plugins.
Preloading 0 native plugins for Editor in 0,00 ms.
Mono: successfully reloaded assembly
- Completed reload, in  3,414 seconds
Platform modules already initialized, skipping
Refreshing native plugins compatible for Editor in 1,00 ms, found 1 plugins.
Preloading 0 native plugins for Editor in 0,00 ms.
Unloading 1814 Unused Serialized files (Serialized files now loaded: 0)
System memory in use before: 79,5 MB.
System memory in use after: 79,5 MB.

Unloading 12 unused Assets to reduce memory usage. Loaded Objects now: 2321.
Total: 14,959302 ms (FindLiveObjects: 0,893113 ms CreateObjectMapping: 0,524335 ms MarkObjects: 12,926584 ms  DeleteObjects: 0,609262 ms)

========================================================================
Received Prepare
Registering precompiled user dll's ...
Registered in 0,003004 seconds.
Begin MonoManager ReloadAssembly
Native extension for LinuxStandalone target not found
Native extension for WindowsStandalone target not found
Refreshing native plugins compatible for Editor in 0,85 ms, found 1 plugins.
Preloading 0 native plugins for Editor in 0,00 ms.
Mono: successfully reloaded assembly
- Completed reload, in  2,593 seconds
Platform modules already initialized, skipping
Refreshing native plugins compatible for Editor in 0,81 ms, found 1 plugins.
Preloading 0 native plugins for Editor in 0,00 ms.
Unloading 1814 Unused Serialized files (Serialized files now loaded: 0)
System memory in use before: 79,5 MB.
System memory in use after: 79,5 MB.

Unloading 12 unused Assets to reduce memory usage. Loaded Objects now: 2325.
Total: 7,690334 ms (FindLiveObjects: 1,053584 ms CreateObjectMapping: 0,410990 ms MarkObjects: 5,947153 ms  DeleteObjects: 0,275170 ms)

========================================================================
Received Prepare
Registering precompiled user dll's ...
Registered in 0,002935 seconds.
Begin MonoManager ReloadAssembly
Native extension for LinuxStandalone target not found
Native extension for WindowsStandalone target not found
Refreshing native plugins compatible for Editor in 1,30 ms, found 1 plugins.
Preloading 0 native plugins for Editor in 0,00 ms.
Mono: successfully reloaded assembly
- Completed reload, in  3,005 seconds
Platform modules already initialized, skipping
Refreshing native plugins compatible for Editor in 1,76 ms, found 1 plugins.
Preloading 0 native plugins for Editor in 0,00 ms.
Unloading 1814 Unused Serialized files (Serialized files now loaded: 0)
System memory in use before: 79,5 MB.
System memory in use after: 79,5 MB.

Unloading 12 unused Assets to reduce memory usage. Loaded Objects now: 2329.
Total: 7,581894 ms (FindLiveObjects: 0,522650 ms CreateObjectMapping: 0,260769 ms MarkObjects: 6,479688 ms  DeleteObjects: 0,314950 ms)

========================================================================
Received Prepare
Registering precompiled user dll's ...
Registered in 0,002204 seconds.
Begin MonoManager ReloadAssembly
Native extension for LinuxStandalone target not found
Native extension for WindowsStandalone target not found
Refreshing native plugins compatible for Editor in 0,93 ms, found 1 plugins.
Preloading 0 native plugins for Editor in 0,00 ms.
Mono: successfully reloaded assembly
- Completed reload, in  2,820 seconds
Platform modules already initialized, skipping
Refreshing native plugins compatible for Editor in 0,74 ms, found 1 plugins.
Preloading 0 native plugins for Editor in 0,00 ms.
Unloading 1814 Unused Serialized files (Serialized files now loaded: 0)
System memory in use before: 79,6 MB.
System memory in use after: 79,6 MB.

Unloading 12 unused Assets to reduce memory usage. Loaded Objects now: 2333.
Total: 8,393932 ms (FindLiveObjects: 0,478036 ms CreateObjectMapping: 0,128833 ms MarkObjects: 7,498691 ms  DeleteObjects: 0,284506 ms)

========================================================================
Received Prepare
Registering precompiled user dll's ...
Registered in 0,002850 seconds.
Begin MonoManager ReloadAssembly
Native extension for LinuxStandalone target not found
Native extension for WindowsStandalone target not found
Refreshing native plugins compatible for Editor in 1,16 ms, found 1 plugins.
Preloading 0 native plugins for Editor in 0,00 ms.
Mono: successfully reloaded assembly
- Completed reload, in  2,484 seconds
Platform modules already initialized, skipping
Refreshing native plugins compatible for Editor in 0,85 ms, found 1 plugins.
Preloading 0 native plugins for Editor in 0,00 ms.
Unloading 1814 Unused Serialized files (Serialized files now loaded: 0)
System memory in use before: 79,6 MB.
System memory in use after: 79,6 MB.

Unloading 12 unused Assets to reduce memory usage. Loaded Objects now: 2337.
Total: 8,624807 ms (FindLiveObjects: 0,600447 ms CreateObjectMapping: 0,438569 ms MarkObjects: 7,260227 ms  DeleteObjects: 0,323227 ms)

========================================================================
Received Prepare
Registering precompiled user dll's ...
Registered in 0,002745 seconds.
Begin MonoManager ReloadAssembly
Native extension for LinuxStandalone target not found
Native extension for WindowsStandalone target not found
Refreshing native plugins compatible for Editor in 1,08 ms, found 1 plugins.
Preloading 0 native plugins for Editor in 0,00 ms.
Mono: successfully reloaded assembly
- Completed reload, in  3,067 seconds
Platform modules already initialized, skipping
Refreshing native plugins compatible for Editor in 0,97 ms, found 1 plugins.
Preloading 0 native plugins for Editor in 0,00 ms.
Unloading 1814 Unused Serialized files (Serialized files now loaded: 0)
System memory in use before: 79,6 MB.
System memory in use after: 79,6 MB.

Unloading 12 unused Assets to reduce memory usage. Loaded Objects now: 2341.
Total: 16,011337 ms (FindLiveObjects: 1,674162 ms CreateObjectMapping: 0,393782 ms MarkObjects: 13,528520 ms  DeleteObjects: 0,411695 ms)

========================================================================
Received Prepare
Registering precompiled user dll's ...
Registered in 0,001502 seconds.
Begin MonoManager ReloadAssembly
Native extension for LinuxStandalone target not found
Native extension for WindowsStandalone target not found
Refreshing native plugins compatible for Editor in 2,10 ms, found 1 plugins.
Preloading 0 native plugins for Editor in 0,00 ms.
Mono: successfully reloaded assembly
- Completed reload, in  2,639 seconds
Platform modules already initialized, skipping
Refreshing native plugins compatible for Editor in 1,39 ms, found 1 plugins.
Preloading 0 native plugins for Editor in 0,00 ms.
Unloading 1814 Unused Serialized files (Serialized files now loaded: 0)
System memory in use before: 79,6 MB.
System memory in use after: 79,6 MB.

Unloading 12 unused Assets to reduce memory usage. Loaded Objects now: 2345.
Total: 8,242089 ms (FindLiveObjects: 0,523222 ms CreateObjectMapping: 0,254958 ms MarkObjects: 7,069246 ms  DeleteObjects: 0,390918 ms)

========================================================================
Received Prepare
Registering precompiled user dll's ...
Registered in 0,001304 seconds.
Begin MonoManager ReloadAssembly
Native extension for LinuxStandalone target not found
Native extension for WindowsStandalone target not found
Refreshing native plugins compatible for Editor in 4,54 ms, found 1 plugins.
Preloading 0 native plugins for Editor in 0,00 ms.
Mono: successfully reloaded assembly
- Completed reload, in  2,695 seconds
Platform modules already initialized, skipping
Refreshing native plugins compatible for Editor in 0,96 ms, found 1 plugins.
Preloading 0 native plugins for Editor in 0,00 ms.
Unloading 1814 Unused Serialized files (Serialized files now loaded: 0)
System memory in use before: 79,6 MB.
System memory in use after: 79,6 MB.

Unloading 12 unused Assets to reduce memory usage. Loaded Objects now: 2349.
Total: 8,875674 ms (FindLiveObjects: 0,528163 ms CreateObjectMapping: 0,279436 ms MarkObjects: 7,730595 ms  DeleteObjects: 0,333793 ms)

========================================================================
Received Prepare
Registering precompiled user dll's ...
Registered in 0,001428 seconds.
Begin MonoManager ReloadAssembly
Native extension for LinuxStandalone target not found
Native extension for WindowsStandalone target not found
Refreshing native plugins compatible for Editor in 0,93 ms, found 1 plugins.
Preloading 0 native plugins for Editor in 0,00 ms.
Mono: successfully reloaded assembly
- Completed reload, in  2,989 seconds
Platform modules already initialized, skipping
Refreshing native plugins compatible for Editor in 1,00 ms, found 1 plugins.
Preloading 0 native plugins for Editor in 0,00 ms.
Unloading 1814 Unused Serialized files (Serialized files now loaded: 0)
System memory in use before: 79,6 MB.
System memory in use after: 79,6 MB.

Unloading 12 unused Assets to reduce memory usage. Loaded Objects now: 2353.
Total: 8,286367 ms (FindLiveObjects: 0,556609 ms CreateObjectMapping: 0,377876 ms MarkObjects: 7,037422 ms  DeleteObjects: 0,310998 ms)

========================================================================
Received Prepare
Registering precompiled user dll's ...
Registered in 0,001357 seconds.
Begin MonoManager ReloadAssembly
Native extension for LinuxStandalone target not found
Native extension for WindowsStandalone target not found
Refreshing native plugins compatible for Editor in 1,00 ms, found 1 plugins.
Preloading 0 native plugins for Editor in 0,00 ms.
Mono: successfully reloaded assembly
- Completed reload, in  2,766 seconds
Platform modules already initialized, skipping
Refreshing native plugins compatible for Editor in 1,04 ms, found 1 plugins.
Preloading 0 native plugins for Editor in 0,00 ms.
Unloading 1814 Unused Serialized files (Serialized files now loaded: 0)
System memory in use before: 79,6 MB.
System memory in use after: 79,6 MB.

Unloading 12 unused Assets to reduce memory usage. Loaded Objects now: 2357.
Total: 9,235098 ms (FindLiveObjects: 0,513234 ms CreateObjectMapping: 0,289412 ms MarkObjects: 8,060364 ms  DeleteObjects: 0,368612 ms)

========================================================================
Received Prepare
Registering precompiled user dll's ...
Registered in 0,001281 seconds.
Begin MonoManager ReloadAssembly
Native extension for LinuxStandalone target not found
Native extension for WindowsStandalone target not found
Refreshing native plugins compatible for Editor in 0,91 ms, found 1 plugins.
Preloading 0 native plugins for Editor in 0,00 ms.
Mono: successfully reloaded assembly
- Completed reload, in  2,628 seconds
Platform modules already initialized, skipping
Refreshing native plugins compatible for Editor in 0,91 ms, found 1 plugins.
Preloading 0 native plugins for Editor in 0,00 ms.
Unloading 1814 Unused Serialized files (Serialized files now loaded: 0)
System memory in use before: 79,6 MB.
System memory in use after: 79,6 MB.

Unloading 12 unused Assets to reduce memory usage. Loaded Objects now: 2361.
Total: 12,110088 ms (FindLiveObjects: 0,807430 ms CreateObjectMapping: 0,284699 ms MarkObjects: 10,686446 ms  DeleteObjects: 0,327398 ms)

========================================================================
Received Prepare
Registering precompiled user dll's ...
Registered in 0,001716 seconds.
Begin MonoManager ReloadAssembly
Native extension for LinuxStandalone target not found
Native extension for WindowsStandalone target not found
Refreshing native plugins compatible for Editor in 1,05 ms, found 1 plugins.
Preloading 0 native plugins for Editor in 0,00 ms.
Mono: successfully reloaded assembly
- Completed reload, in  2,726 seconds
Platform modules already initialized, skipping
Refreshing native plugins compatible for Editor in 0,86 ms, found 1 plugins.
Preloading 0 native plugins for Editor in 0,00 ms.
Unloading 1814 Unused Serialized files (Serialized files now loaded: 0)
System memory in use before: 79,6 MB.
System memory in use after: 79,6 MB.

Unloading 12 unused Assets to reduce memory usage. Loaded Objects now: 2365.
Total: 8,283890 ms (FindLiveObjects: 0,527872 ms CreateObjectMapping: 0,308067 ms MarkObjects: 7,079218 ms  DeleteObjects: 0,365327 ms)

========================================================================
Received Prepare
Registering precompiled user dll's ...
Registered in 0,003387 seconds.
Begin MonoManager ReloadAssembly
Native extension for LinuxStandalone target not found
Native extension for WindowsStandalone target not found
Refreshing native plugins compatible for Editor in 0,90 ms, found 1 plugins.
Preloading 0 native plugins for Editor in 0,00 ms.
Mono: successfully reloaded assembly
- Completed reload, in  2,913 seconds
Platform modules already initialized, skipping
Refreshing native plugins compatible for Editor in 0,76 ms, found 1 plugins.
Preloading 0 native plugins for Editor in 0,00 ms.
Unloading 1814 Unused Serialized files (Serialized files now loaded: 0)
System memory in use before: 79,6 MB.
System memory in use after: 79,6 MB.

Unloading 12 unused Assets to reduce memory usage. Loaded Objects now: 2369.
Total: 9,490150 ms (FindLiveObjects: 1,716968 ms CreateObjectMapping: 0,621363 ms MarkObjects: 6,873764 ms  DeleteObjects: 0,273968 ms)

========================================================================
Received Prepare
Registering precompiled user dll's ...
Registered in 0,001400 seconds.
Begin MonoManager ReloadAssembly
Native extension for LinuxStandalone target not found
Native extension for WindowsStandalone target not found
Refreshing native plugins compatible for Editor in 0,88 ms, found 1 plugins.
Preloading 0 native plugins for Editor in 0,00 ms.
Mono: successfully reloaded assembly
- Completed reload, in  2,591 seconds
Platform modules already initialized, skipping
Refreshing native plugins compatible for Editor in 0,99 ms, found 1 plugins.
Preloading 0 native plugins for Editor in 0,00 ms.
Unloading 1814 Unused Serialized files (Serialized files now loaded: 0)
System memory in use before: 79,6 MB.
System memory in use after: 79,6 MB.

Unloading 12 unused Assets to reduce memory usage. Loaded Objects now: 2373.
Total: 8,853566 ms (FindLiveObjects: 0,526605 ms CreateObjectMapping: 0,567896 ms MarkObjects: 7,382416 ms  DeleteObjects: 0,372444 ms)

========================================================================
Received Prepare
Registering precompiled user dll's ...
Registered in 0,003025 seconds.
Begin MonoManager ReloadAssembly
Native extension for LinuxStandalone target not found
Native extension for WindowsStandalone target not found
Refreshing native plugins compatible for Editor in 0,96 ms, found 1 plugins.
Preloading 0 native plugins for Editor in 0,00 ms.
Mono: successfully reloaded assembly
- Completed reload, in  2,705 seconds
Platform modules already initialized, skipping
Refreshing native plugins compatible for Editor in 1,31 ms, found 1 plugins.
Preloading 0 native plugins for Editor in 0,00 ms.
Unloading 1814 Unused Serialized files (Serialized files now loaded: 0)
System memory in use before: 79,6 MB.
System memory in use after: 79,6 MB.

Unloading 12 unused Assets to reduce memory usage. Loaded Objects now: 2377.
Total: 8,045048 ms (FindLiveObjects: 0,575359 ms CreateObjectMapping: 0,271764 ms MarkObjects: 6,792845 ms  DeleteObjects: 0,401097 ms)

========================================================================
Received Prepare
Registering precompiled user dll's ...
Registered in 0,001350 seconds.
Begin MonoManager ReloadAssembly
Native extension for LinuxStandalone target not found
Native extension for WindowsStandalone target not found
Refreshing native plugins compatible for Editor in 0,90 ms, found 1 plugins.
Preloading 0 native plugins for Editor in 0,00 ms.
Mono: successfully reloaded assembly
- Completed reload, in  2,720 seconds
Platform modules already initialized, skipping
Refreshing native plugins compatible for Editor in 0,95 ms, found 1 plugins.
Preloading 0 native plugins for Editor in 0,00 ms.
Unloading 1814 Unused Serialized files (Serialized files now loaded: 0)
System memory in use before: 79,6 MB.
System memory in use after: 79,6 MB.

Unloading 12 unused Assets to reduce memory usage. Loaded Objects now: 2381.
Total: 8,935158 ms (FindLiveObjects: 0,528464 ms CreateObjectMapping: 0,271396 ms MarkObjects: 7,799051 ms  DeleteObjects: 0,331935 ms)

========================================================================
Received Prepare
Registering precompiled user dll's ...
Registered in 0,004054 seconds.
Begin MonoManager ReloadAssembly
Native extension for LinuxStandalone target not found
Native extension for WindowsStandalone target not found
Refreshing native plugins compatible for Editor in 0,96 ms, found 1 plugins.
Preloading 0 native plugins for Editor in 0,00 ms.
Mono: successfully reloaded assembly
- Completed reload, in  2,665 seconds
Platform modules already initialized, skipping
Refreshing native plugins compatible for Editor in 0,80 ms, found 1 plugins.
Preloading 0 native plugins for Editor in 0,00 ms.
Unloading 1814 Unused Serialized files (Serialized files now loaded: 0)
System memory in use before: 79,6 MB.
System memory in use after: 79,6 MB.

Unloading 12 unused Assets to reduce memory usage. Loaded Objects now: 2385.
Total: 7,172753 ms (FindLiveObjects: 0,573881 ms CreateObjectMapping: 0,329086 ms MarkObjects: 5,968707 ms  DeleteObjects: 0,296995 ms)

========================================================================
Received Prepare
Registering precompiled user dll's ...
Registered in 0,004743 seconds.
Begin MonoManager ReloadAssembly
Native extension for LinuxStandalone target not found
Native extension for WindowsStandalone target not found
Refreshing native plugins compatible for Editor in 0,91 ms, found 1 plugins.
Preloading 0 native plugins for Editor in 0,00 ms.
Mono: successfully reloaded assembly
- Completed reload, in  3,593 seconds
Platform modules already initialized, skipping
Refreshing native plugins compatible for Editor in 2,89 ms, found 1 plugins.
Preloading 0 native plugins for Editor in 0,00 ms.
Unloading 1814 Unused Serialized files (Serialized files now loaded: 0)
System memory in use before: 79,7 MB.
System memory in use after: 79,6 MB.

Unloading 12 unused Assets to reduce memory usage. Loaded Objects now: 2389.
Total: 13,997750 ms (FindLiveObjects: 0,551385 ms CreateObjectMapping: 0,279539 ms MarkObjects: 7,511927 ms  DeleteObjects: 5,651101 ms)

AssetImportWorkerClient::OnTransportError - code=2 error=End of file
